<?xml version="1.0" encoding="UTF-8"?>
<TestRun id="532587be-04d2-4e02-8d0f-5270f353c343" name="Administrator@0JC5E4J89IIGSFK 2019-04-05 23:31:48" runUser="0JC5E4J89IIGSFK\Administrator" xmlns="http://microsoft.com/schemas/VisualStudio/TeamTest/2010">
  <TestSettings name="Local" id="28d37e11-905d-48f5-94df-ac22f24a05af">
    <Description>These are default test settings for a local test run.</Description>
    <Deployment runDeploymentRoot="Administrator_0JC5E4J89IIGSFK 2019-04-05 23_31_48">
      <DeploymentItem filename="C:\Users\Administrator\Desktop\QuanLyQuanCF\QuanLyQuanCF\bin\Debug\QuanLyQuanCF.exe" />
    </Deployment>
    <Execution>
      <TestTypeSpecific>
        <UnitTestRunConfig testTypeId="13cdc9d9-ddb5-4fa4-a97d-d965ccfc6d4b">
          <AssemblyResolution>
            <TestDirectory useLoadContext="true" />
          </AssemblyResolution>
        </UnitTestRunConfig>
        <WebTestRunConfiguration testTypeId="4e7599fa-5ecb-43e9-a887-cd63cf72d207">
          <Browser name="Internet Explorer 7.0">
            <Headers>
              <Header name="User-Agent" value="Mozilla/4.0 (compatible; MSIE 7.0; Windows NT 5.1)" />
              <Header name="Accept" value="*/*" />
              <Header name="Accept-Language" value="{{$IEAcceptLanguage}}" />
              <Header name="Accept-Encoding" value="GZIP" />
            </Headers>
          </Browser>
        </WebTestRunConfiguration>
      </TestTypeSpecific>
      <AgentRule name="LocalMachineDefaultRole">
      </AgentRule>
    </Execution>
  </TestSettings>
  <Times creation="2019-04-05T23:31:48.8715389+07:00" queuing="2019-04-05T23:31:49.0055465+07:00" start="2019-04-05T23:31:49.0625498+07:00" finish="2019-04-05T23:31:50.1436116+07:00" />
  <ResultSummary outcome="Failed">
    <Counters total="5" executed="5" error="0" failed="5" timeout="0" aborted="0" inconclusive="0" passedButRunAborted="0" notRunnable="0" notExecuted="0" disconnected="0" warning="0" passed="0" completed="0" inProgress="0" pending="0" />
  </ResultSummary>
  <TestDefinitions>
    <UnitTest name="TestQuanLyThucAn" storage="d:\testlogin\testlogin\bin\debug\testlogin.dll" id="df7e0222-d733-2d06-3b64-bdc6c3c19ed5">
      <DeploymentItems>
        <DeploymentItem filename="TestLogin\TestData.csv" />
      </DeploymentItems>
      <Execution id="3138f5d8-fb0d-46d1-86b4-2adec5c20450" />
      <TestMethod codeBase="D:/TestLogin/TestLogin/bin/Debug/TestLogin.DLL" adapterTypeName="Microsoft.VisualStudio.TestTools.TestTypes.Unit.UnitTestAdapter, Microsoft.VisualStudio.QualityTools.Tips.UnitTest.Adapter, Version=10.0.0.0, Culture=neutral, PublicKeyToken=b03f5f7f11d50a3a" className="TestLogin.UnitTest1, TestLogin, Version=1.0.0.0, Culture=neutral, PublicKeyToken=null" name="TestQuanLyThucAn" />
      <DataSource connectionString="|DataDirectory|\TestQuanLyThucAn.csv" providerInvariantName="Microsoft.VisualStudio.TestTools.DataSource.CSV" tableName="TestQuanLyThucAn#csv" />
    </UnitTest>
    <UnitTest name="TestLogin" storage="d:\testlogin\testlogin\bin\debug\testlogin.dll" id="8276a061-e630-7f55-6667-ffdda0dec24b">
      <DeploymentItems>
        <DeploymentItem filename="TestLogin\TestData.csv" />
      </DeploymentItems>
      <Execution id="86ce686a-738e-4f96-97b8-75434dd1a2fe" />
      <TestMethod codeBase="D:/TestLogin/TestLogin/bin/Debug/TestLogin.DLL" adapterTypeName="Microsoft.VisualStudio.TestTools.TestTypes.Unit.UnitTestAdapter, Microsoft.VisualStudio.QualityTools.Tips.UnitTest.Adapter, Version=10.0.0.0, Culture=neutral, PublicKeyToken=b03f5f7f11d50a3a" className="TestLogin.UnitTest1, TestLogin, Version=1.0.0.0, Culture=neutral, PublicKeyToken=null" name="TestLogin" />
      <DataSource connectionString="|DataDirectory|\TestData.csv" providerInvariantName="Microsoft.VisualStudio.TestTools.DataSource.CSV" tableName="TestData#csv" />
    </UnitTest>
  </TestDefinitions>
  <TestLists>
    <TestList name="Results Not in a List" id="8c84fa94-04c1-424b-9868-57a2d4851a1d" />
    <TestList name="All Loaded Results" id="19431567-8539-422a-85d7-44ee4e166bda" />
  </TestLists>
  <TestEntries>
    <TestEntry testId="8276a061-e630-7f55-6667-ffdda0dec24b" executionId="86ce686a-738e-4f96-97b8-75434dd1a2fe" testListId="8c84fa94-04c1-424b-9868-57a2d4851a1d" />
    <TestEntry testId="df7e0222-d733-2d06-3b64-bdc6c3c19ed5" executionId="3138f5d8-fb0d-46d1-86b4-2adec5c20450" testListId="8c84fa94-04c1-424b-9868-57a2d4851a1d" />
  </TestEntries>
  <Results>
    <UnitTestResult executionId="86ce686a-738e-4f96-97b8-75434dd1a2fe" testId="8276a061-e630-7f55-6667-ffdda0dec24b" testName="TestLogin" computerName="0JC5E4J89IIGSFK" duration="00:00:00.5043657" startTime="2019-04-05T23:31:49.0665500+07:00" endTime="2019-04-05T23:31:50.0576067+07:00" testType="13cdc9d9-ddb5-4fa4-a97d-d965ccfc6d4b" outcome="Failed" testListId="8c84fa94-04c1-424b-9868-57a2d4851a1d" relativeResultsDirectory="86ce686a-738e-4f96-97b8-75434dd1a2fe" resultType="DataDrivenTest">
      <Counters error="0" failed="3" timeout="0" aborted="0" inconclusive="0" passedButRunAborted="0" notRunnable="0" notExecuted="0" disconnected="0" warning="0" passed="0" completed="0" inProgress="0" pending="0" />
      <InnerResults>
        <UnitTestResult executionId="7484288e-1600-47a8-938f-3e5186fc8afe" parentExecutionId="86ce686a-738e-4f96-97b8-75434dd1a2fe" testId="8276a061-e630-7f55-6667-ffdda0dec24b" testName="TestLogin" computerName="0JC5E4J89IIGSFK" duration="00:00:00.1010915" startTime="2019-04-05T23:31:49.9155986+07:00" endTime="2019-04-05T23:31:50.0256049+07:00" testType="13cdc9d9-ddb5-4fa4-a97d-d965ccfc6d4b" outcome="Failed" testListId="8c84fa94-04c1-424b-9868-57a2d4851a1d" relativeResultsDirectory="86ce686a-738e-4f96-97b8-75434dd1a2fe" dataRowInfo="0" resultType="DataDrivenDataRow">
          <Output>
            <ErrorInfo>
              <Message>Test method TestLogin.UnitTest1.TestLogin threw exception: 
System.FormatException: String was not recognized as a valid Boolean.</Message>
              <StackTrace>    at System.Boolean.Parse(String value)
   at TestLogin.UnitTest1.TestLogin() in D:\TestLogin\TestLogin\UnitTest1.cs:line 33
</StackTrace>
            </ErrorInfo>
          </Output>
        </UnitTestResult>
        <UnitTestResult executionId="d653f9e7-2ac9-4a79-8fce-368ec65dd417" parentExecutionId="86ce686a-738e-4f96-97b8-75434dd1a2fe" testId="8276a061-e630-7f55-6667-ffdda0dec24b" testName="TestLogin" computerName="0JC5E4J89IIGSFK" duration="00:00:00.0035650" startTime="2019-04-05T23:31:50.0256049+07:00" endTime="2019-04-05T23:31:50.0296051+07:00" testType="13cdc9d9-ddb5-4fa4-a97d-d965ccfc6d4b" outcome="Failed" testListId="8c84fa94-04c1-424b-9868-57a2d4851a1d" relativeResultsDirectory="86ce686a-738e-4f96-97b8-75434dd1a2fe" dataRowInfo="1" resultType="DataDrivenDataRow">
          <Output>
            <ErrorInfo>
              <Message>Test method TestLogin.UnitTest1.TestLogin threw exception: 
System.FormatException: String was not recognized as a valid Boolean.</Message>
              <StackTrace>    at System.Boolean.Parse(String value)
   at TestLogin.UnitTest1.TestLogin() in D:\TestLogin\TestLogin\UnitTest1.cs:line 33
</StackTrace>
            </ErrorInfo>
          </Output>
        </UnitTestResult>
        <UnitTestResult executionId="5a7343b6-1fe1-4ef1-ad5d-fa83041c34ea" parentExecutionId="86ce686a-738e-4f96-97b8-75434dd1a2fe" testId="8276a061-e630-7f55-6667-ffdda0dec24b" testName="TestLogin" computerName="0JC5E4J89IIGSFK" duration="00:00:00.0056754" startTime="2019-04-05T23:31:50.0296051+07:00" endTime="2019-04-05T23:31:50.0356055+07:00" testType="13cdc9d9-ddb5-4fa4-a97d-d965ccfc6d4b" outcome="Failed" testListId="8c84fa94-04c1-424b-9868-57a2d4851a1d" relativeResultsDirectory="86ce686a-738e-4f96-97b8-75434dd1a2fe" dataRowInfo="2" resultType="DataDrivenDataRow">
          <Output>
            <ErrorInfo>
              <Message>Test method TestLogin.UnitTest1.TestLogin threw exception: 
System.FormatException: String was not recognized as a valid Boolean.</Message>
              <StackTrace>    at System.Boolean.Parse(String value)
   at TestLogin.UnitTest1.TestLogin() in D:\TestLogin\TestLogin\UnitTest1.cs:line 33
</StackTrace>
            </ErrorInfo>
          </Output>
        </UnitTestResult>
      </InnerResults>
    </UnitTestResult>
    <UnitTestResult executionId="3138f5d8-fb0d-46d1-86b4-2adec5c20450" testId="df7e0222-d733-2d06-3b64-bdc6c3c19ed5" testName="TestQuanLyThucAn" computerName="0JC5E4J89IIGSFK" startTime="2019-04-05T23:31:50.0586068+07:00" endTime="2019-04-05T23:31:50.1096097+07:00" testType="13cdc9d9-ddb5-4fa4-a97d-d965ccfc6d4b" outcome="Failed" testListId="8c84fa94-04c1-424b-9868-57a2d4851a1d" relativeResultsDirectory="3138f5d8-fb0d-46d1-86b4-2adec5c20450" resultType="DataDrivenTest">
      <Output>
        <ErrorInfo>
          <Message>The unit test adapter failed to connect to the data source or to read the data. For more information on troubleshooting this error, see "Troubleshooting Data-Driven Unit Tests" (http://go.microsoft.com/fwlink/?LinkId=62412) in the MSDN Library.
Error details: The Microsoft Jet database engine could not find the object 'TestQuanLyThucAn.csv'.  Make sure the object exists and that you spell its name and the path name correctly.</Message>
        </ErrorInfo>
      </Output>
    </UnitTestResult>
  </Results>
</TestRun>