<?xml version="1.0" encoding="UTF-8"?>
<TestRun id="0500fab9-1edd-40bf-b332-2407dc949b72" name="Administrator@0JC5E4J89IIGSFK 2019-04-05 23:18:13" runUser="0JC5E4J89IIGSFK\Administrator" xmlns="http://microsoft.com/schemas/VisualStudio/TeamTest/2010">
  <TestSettings name="Local" id="28d37e11-905d-48f5-94df-ac22f24a05af">
    <Description>These are default test settings for a local test run.</Description>
    <Deployment runDeploymentRoot="Administrator_0JC5E4J89IIGSFK 2019-04-05 23_18_13">
      <DeploymentItem filename="C:\Users\Administrator\Desktop\QuanLyQuanCF\QuanLyQuanCF\bin\Debug\QuanLyQuanCF.exe" />
    </Deployment>
    <Execution>
      <TestTypeSpecific>
        <UnitTestRunConfig testTypeId="13cdc9d9-ddb5-4fa4-a97d-d965ccfc6d4b">
          <AssemblyResolution>
            <TestDirectory useLoadContext="true" />
          </AssemblyResolution>
        </UnitTestRunConfig>
        <WebTestRunConfiguration testTypeId="4e7599fa-5ecb-43e9-a887-cd63cf72d207">
          <Browser name="Internet Explorer 7.0">
            <Headers>
              <Header name="User-Agent" value="Mozilla/4.0 (compatible; MSIE 7.0; Windows NT 5.1)" />
              <Header name="Accept" value="*/*" />
              <Header name="Accept-Language" value="{{$IEAcceptLanguage}}" />
              <Header name="Accept-Encoding" value="GZIP" />
            </Headers>
          </Browser>
        </WebTestRunConfiguration>
      </TestTypeSpecific>
      <AgentRule name="LocalMachineDefaultRole">
      </AgentRule>
    </Execution>
  </TestSettings>
  <Times creation="2019-04-05T23:18:13.3868958+07:00" queuing="2019-04-05T23:18:25.8476085+07:00" start="2019-04-05T23:18:25.8746101+07:00" finish="2019-04-05T23:18:27.4406997+07:00" />
  <ResultSummary outcome="Failed">
    <Counters total="12" executed="12" passed="6" error="0" failed="6" timeout="0" aborted="0" inconclusive="0" passedButRunAborted="0" notRunnable="0" notExecuted="0" disconnected="0" warning="0" completed="0" inProgress="0" pending="0" />
    <RunInfos>
      <RunInfo computerName="0JC5E4J89IIGSFK" outcome="Warning" timestamp="2019-04-05T23:18:25.8466085+07:00">
        <Text>Warning: Test Run deployment issue: Failed to get the file for deployment item 'TestQuanLyThucAn.csv\TestData.csv' specified by the test 'TestLogin.UnitTest1.TestQuanLyThucAn': System.IO.DirectoryNotFoundException: Could not find a part of the path 'D:\TestLogin\TestQuanLyThucAn.csv\TestData.csv'.</Text>
        <Exception>System.IO.DirectoryNotFoundException: Could not find a part of the path 'D:\TestLogin\TestQuanLyThucAn.csv\TestData.csv'.
   at System.IO.__Error.WinIOError(Int32 errorCode, String maybeFullPath)
   at System.IO.File.GetAttributes(String path)
   at Microsoft.VisualStudio.TestTools.Common.SingleFileProvider.GetFilePaths()
   at Microsoft.VisualStudio.TestTools.TestManagement.DeploymentCoverageItem.GetFiles(TestRunConfiguration runConfig)
   at Microsoft.VisualStudio.TestTools.TestManagement.DeploymentManager.DoDeployment(TestRun run, FileCopyService fileCopyService)</Exception>
      </RunInfo>
    </RunInfos>
  </ResultSummary>
  <TestDefinitions>
    <UnitTest name="TestQuanLyThucAn" storage="d:\testlogin\testlogin\bin\debug\testlogin.dll" id="df7e0222-d733-2d06-3b64-bdc6c3c19ed5">
      <DeploymentItems>
        <DeploymentItem filename="TestQuanLyThucAn.csv\TestData.csv" />
      </DeploymentItems>
      <Execution id="5e0917c5-89f8-4494-b549-9134e327b6f0" />
      <TestMethod codeBase="D:/TestLogin/TestLogin/bin/Debug/TestLogin.DLL" adapterTypeName="Microsoft.VisualStudio.TestTools.TestTypes.Unit.UnitTestAdapter, Microsoft.VisualStudio.QualityTools.Tips.UnitTest.Adapter, Version=10.0.0.0, Culture=neutral, PublicKeyToken=b03f5f7f11d50a3a" className="TestLogin.UnitTest1, TestLogin, Version=1.0.0.0, Culture=neutral, PublicKeyToken=null" name="TestQuanLyThucAn" />
      <DataSource connectionString="|DataDirectory|\TestData.csv" providerInvariantName="Microsoft.VisualStudio.TestTools.DataSource.CSV" tableName="TestData#csv" />
    </UnitTest>
    <UnitTest name="TestLogin" storage="d:\testlogin\testlogin\bin\debug\testlogin.dll" id="8276a061-e630-7f55-6667-ffdda0dec24b">
      <DeploymentItems>
        <DeploymentItem filename="TestLogin\TestData.csv" />
      </DeploymentItems>
      <Execution id="97b3a838-c6fe-42c0-8458-1120b7fef1d8" />
      <TestMethod codeBase="D:/TestLogin/TestLogin/bin/Debug/TestLogin.DLL" adapterTypeName="Microsoft.VisualStudio.TestTools.TestTypes.Unit.UnitTestAdapter, Microsoft.VisualStudio.QualityTools.Tips.UnitTest.Adapter, Version=10.0.0.0, Culture=neutral, PublicKeyToken=b03f5f7f11d50a3a" className="TestLogin.UnitTest1, TestLogin, Version=1.0.0.0, Culture=neutral, PublicKeyToken=null" name="TestLogin" />
      <DataSource connectionString="|DataDirectory|\TestData.csv" providerInvariantName="Microsoft.VisualStudio.TestTools.DataSource.CSV" tableName="TestData#csv" />
    </UnitTest>
  </TestDefinitions>
  <TestLists>
    <TestList name="Results Not in a List" id="8c84fa94-04c1-424b-9868-57a2d4851a1d" />
    <TestList name="All Loaded Results" id="19431567-8539-422a-85d7-44ee4e166bda" />
  </TestLists>
  <TestEntries>
    <TestEntry testId="8276a061-e630-7f55-6667-ffdda0dec24b" executionId="97b3a838-c6fe-42c0-8458-1120b7fef1d8" testListId="8c84fa94-04c1-424b-9868-57a2d4851a1d" />
    <TestEntry testId="df7e0222-d733-2d06-3b64-bdc6c3c19ed5" executionId="5e0917c5-89f8-4494-b549-9134e327b6f0" testListId="8c84fa94-04c1-424b-9868-57a2d4851a1d" />
  </TestEntries>
  <Results>
    <UnitTestResult executionId="97b3a838-c6fe-42c0-8458-1120b7fef1d8" testId="8276a061-e630-7f55-6667-ffdda0dec24b" testName="TestLogin" computerName="0JC5E4J89IIGSFK" duration="00:00:00.7313285" startTime="2019-04-05T23:18:25.8806104+07:00" endTime="2019-04-05T23:18:27.0676783+07:00" testType="13cdc9d9-ddb5-4fa4-a97d-d965ccfc6d4b" outcome="Passed" testListId="8c84fa94-04c1-424b-9868-57a2d4851a1d" relativeResultsDirectory="97b3a838-c6fe-42c0-8458-1120b7fef1d8" resultType="DataDrivenTest">
      <Counters error="0" failed="0" timeout="0" aborted="0" inconclusive="0" passedButRunAborted="0" notRunnable="0" notExecuted="0" disconnected="0" warning="0" passed="5" completed="0" inProgress="0" pending="0" />
      <InnerResults>
        <UnitTestResult executionId="32af71aa-a199-42c0-a656-4b1b139be658" parentExecutionId="97b3a838-c6fe-42c0-8458-1120b7fef1d8" testId="8276a061-e630-7f55-6667-ffdda0dec24b" testName="TestLogin" computerName="0JC5E4J89IIGSFK" duration="00:00:00.1405979" startTime="2019-04-05T23:18:26.8506659+07:00" endTime="2019-04-05T23:18:27.0026746+07:00" testType="13cdc9d9-ddb5-4fa4-a97d-d965ccfc6d4b" outcome="Passed" testListId="8c84fa94-04c1-424b-9868-57a2d4851a1d" relativeResultsDirectory="97b3a838-c6fe-42c0-8458-1120b7fef1d8" dataRowInfo="0" resultType="DataDrivenDataRow" />
        <UnitTestResult executionId="801e6041-9465-4a2c-bd7f-452888fe31c7" parentExecutionId="97b3a838-c6fe-42c0-8458-1120b7fef1d8" testId="8276a061-e630-7f55-6667-ffdda0dec24b" testName="TestLogin" computerName="0JC5E4J89IIGSFK" duration="00:00:00.0122978" startTime="2019-04-05T23:18:27.0026746+07:00" endTime="2019-04-05T23:18:27.0146753+07:00" testType="13cdc9d9-ddb5-4fa4-a97d-d965ccfc6d4b" outcome="Passed" testListId="8c84fa94-04c1-424b-9868-57a2d4851a1d" relativeResultsDirectory="97b3a838-c6fe-42c0-8458-1120b7fef1d8" dataRowInfo="1" resultType="DataDrivenDataRow" />
        <UnitTestResult executionId="0f512bd2-a338-4131-bc72-00fcf2459649" parentExecutionId="97b3a838-c6fe-42c0-8458-1120b7fef1d8" testId="8276a061-e630-7f55-6667-ffdda0dec24b" testName="TestLogin" computerName="0JC5E4J89IIGSFK" duration="00:00:00.0042535" startTime="2019-04-05T23:18:27.0146753+07:00" endTime="2019-04-05T23:18:27.0186755+07:00" testType="13cdc9d9-ddb5-4fa4-a97d-d965ccfc6d4b" outcome="Passed" testListId="8c84fa94-04c1-424b-9868-57a2d4851a1d" relativeResultsDirectory="97b3a838-c6fe-42c0-8458-1120b7fef1d8" dataRowInfo="2" resultType="DataDrivenDataRow" />
        <UnitTestResult executionId="7cb82f74-5dbd-4870-bdb5-b30acc410650" parentExecutionId="97b3a838-c6fe-42c0-8458-1120b7fef1d8" testId="8276a061-e630-7f55-6667-ffdda0dec24b" testName="TestLogin" computerName="0JC5E4J89IIGSFK" duration="00:00:00.0024175" startTime="2019-04-05T23:18:27.0186755+07:00" endTime="2019-04-05T23:18:27.0216757+07:00" testType="13cdc9d9-ddb5-4fa4-a97d-d965ccfc6d4b" outcome="Passed" testListId="8c84fa94-04c1-424b-9868-57a2d4851a1d" relativeResultsDirectory="97b3a838-c6fe-42c0-8458-1120b7fef1d8" dataRowInfo="3" resultType="DataDrivenDataRow" />
        <UnitTestResult executionId="f5f99e41-dcdc-481a-a2ab-eea9945804f9" parentExecutionId="97b3a838-c6fe-42c0-8458-1120b7fef1d8" testId="8276a061-e630-7f55-6667-ffdda0dec24b" testName="TestLogin" computerName="0JC5E4J89IIGSFK" duration="00:00:00.0027019" startTime="2019-04-05T23:18:27.0216757+07:00" endTime="2019-04-05T23:18:27.0246759+07:00" testType="13cdc9d9-ddb5-4fa4-a97d-d965ccfc6d4b" outcome="Passed" testListId="8c84fa94-04c1-424b-9868-57a2d4851a1d" relativeResultsDirectory="97b3a838-c6fe-42c0-8458-1120b7fef1d8" dataRowInfo="4" resultType="DataDrivenDataRow" />
      </InnerResults>
    </UnitTestResult>
    <UnitTestResult executionId="5e0917c5-89f8-4494-b549-9134e327b6f0" testId="df7e0222-d733-2d06-3b64-bdc6c3c19ed5" testName="TestQuanLyThucAn" computerName="0JC5E4J89IIGSFK" duration="00:00:00.2864481" startTime="2019-04-05T23:18:27.0736787+07:00" endTime="2019-04-05T23:18:27.3876966+07:00" testType="13cdc9d9-ddb5-4fa4-a97d-d965ccfc6d4b" outcome="Failed" testListId="8c84fa94-04c1-424b-9868-57a2d4851a1d" relativeResultsDirectory="5e0917c5-89f8-4494-b549-9134e327b6f0" resultType="DataDrivenTest">
      <Counters error="0" failed="5" timeout="0" aborted="0" inconclusive="0" passedButRunAborted="0" notRunnable="0" notExecuted="0" disconnected="0" warning="0" passed="0" completed="0" inProgress="0" pending="0" />
      <InnerResults>
        <UnitTestResult executionId="2697ebaa-9605-4a84-bd47-82c9dbbb3a07" parentExecutionId="5e0917c5-89f8-4494-b549-9134e327b6f0" testId="df7e0222-d733-2d06-3b64-bdc6c3c19ed5" testName="TestQuanLyThucAn" computerName="0JC5E4J89IIGSFK" duration="00:00:00.0241669" startTime="2019-04-05T23:18:27.3236930+07:00" endTime="2019-04-05T23:18:27.3476943+07:00" testType="13cdc9d9-ddb5-4fa4-a97d-d965ccfc6d4b" outcome="Failed" testListId="8c84fa94-04c1-424b-9868-57a2d4851a1d" relativeResultsDirectory="5e0917c5-89f8-4494-b549-9134e327b6f0" dataRowInfo="0" resultType="DataDrivenDataRow">
          <Output>
            <ErrorInfo>
              <Message>Test method TestLogin.UnitTest1.TestQuanLyThucAn threw exception: 
System.FormatException: Input string was not in a correct format.</Message>
              <StackTrace>    at System.Number.StringToNumber(String str, NumberStyles options, NumberBuffer&amp; number, NumberFormatInfo info, Boolean parseDecimal)
   at System.Number.ParseInt32(String s, NumberStyles style, NumberFormatInfo info)
   at System.Int32.Parse(String s)
   at TestLogin.UnitTest1.TestQuanLyThucAn() in D:\TestLogin\TestLogin\UnitTest1.cs:line 45
</StackTrace>
            </ErrorInfo>
          </Output>
        </UnitTestResult>
        <UnitTestResult executionId="ddb10158-595f-4fed-90e5-f5eaef80f68d" parentExecutionId="5e0917c5-89f8-4494-b549-9134e327b6f0" testId="df7e0222-d733-2d06-3b64-bdc6c3c19ed5" testName="TestQuanLyThucAn" computerName="0JC5E4J89IIGSFK" duration="00:00:00.0045704" startTime="2019-04-05T23:18:27.3476943+07:00" endTime="2019-04-05T23:18:27.3526946+07:00" testType="13cdc9d9-ddb5-4fa4-a97d-d965ccfc6d4b" outcome="Failed" testListId="8c84fa94-04c1-424b-9868-57a2d4851a1d" relativeResultsDirectory="5e0917c5-89f8-4494-b549-9134e327b6f0" dataRowInfo="1" resultType="DataDrivenDataRow">
          <Output>
            <ErrorInfo>
              <Message>Test method TestLogin.UnitTest1.TestQuanLyThucAn threw exception: 
System.FormatException: Input string was not in a correct format.</Message>
              <StackTrace>    at System.Number.StringToNumber(String str, NumberStyles options, NumberBuffer&amp; number, NumberFormatInfo info, Boolean parseDecimal)
   at System.Number.ParseInt32(String s, NumberStyles style, NumberFormatInfo info)
   at System.Int32.Parse(String s)
   at TestLogin.UnitTest1.TestQuanLyThucAn() in D:\TestLogin\TestLogin\UnitTest1.cs:line 45
</StackTrace>
            </ErrorInfo>
          </Output>
        </UnitTestResult>
        <UnitTestResult executionId="c1862542-7d73-4d2f-aa47-b35c31b4c837" parentExecutionId="5e0917c5-89f8-4494-b549-9134e327b6f0" testId="df7e0222-d733-2d06-3b64-bdc6c3c19ed5" testName="TestQuanLyThucAn" computerName="0JC5E4J89IIGSFK" duration="00:00:00.0074891" startTime="2019-04-05T23:18:27.3526946+07:00" endTime="2019-04-05T23:18:27.3596950+07:00" testType="13cdc9d9-ddb5-4fa4-a97d-d965ccfc6d4b" outcome="Failed" testListId="8c84fa94-04c1-424b-9868-57a2d4851a1d" relativeResultsDirectory="5e0917c5-89f8-4494-b549-9134e327b6f0" dataRowInfo="2" resultType="DataDrivenDataRow">
          <Output>
            <ErrorInfo>
              <Message>Test method TestLogin.UnitTest1.TestQuanLyThucAn threw exception: 
System.FormatException: Input string was not in a correct format.</Message>
              <StackTrace>    at System.Number.StringToNumber(String str, NumberStyles options, NumberBuffer&amp; number, NumberFormatInfo info, Boolean parseDecimal)
   at System.Number.ParseInt32(String s, NumberStyles style, NumberFormatInfo info)
   at System.Int32.Parse(String s)
   at TestLogin.UnitTest1.TestQuanLyThucAn() in D:\TestLogin\TestLogin\UnitTest1.cs:line 45
</StackTrace>
            </ErrorInfo>
          </Output>
        </UnitTestResult>
        <UnitTestResult executionId="1ee5f5e5-068c-431e-9201-75875d2ea1cc" parentExecutionId="5e0917c5-89f8-4494-b549-9134e327b6f0" testId="df7e0222-d733-2d06-3b64-bdc6c3c19ed5" testName="TestQuanLyThucAn" computerName="0JC5E4J89IIGSFK" duration="00:00:00.0048119" startTime="2019-04-05T23:18:27.3596950+07:00" endTime="2019-04-05T23:18:27.3646953+07:00" testType="13cdc9d9-ddb5-4fa4-a97d-d965ccfc6d4b" outcome="Failed" testListId="8c84fa94-04c1-424b-9868-57a2d4851a1d" relativeResultsDirectory="5e0917c5-89f8-4494-b549-9134e327b6f0" dataRowInfo="3" resultType="DataDrivenDataRow">
          <Output>
            <ErrorInfo>
              <Message>Test method TestLogin.UnitTest1.TestQuanLyThucAn threw exception: 
System.FormatException: Input string was not in a correct format.</Message>
              <StackTrace>    at System.Number.StringToNumber(String str, NumberStyles options, NumberBuffer&amp; number, NumberFormatInfo info, Boolean parseDecimal)
   at System.Number.ParseInt32(String s, NumberStyles style, NumberFormatInfo info)
   at System.Int32.Parse(String s)
   at TestLogin.UnitTest1.TestQuanLyThucAn() in D:\TestLogin\TestLogin\UnitTest1.cs:line 45
</StackTrace>
            </ErrorInfo>
          </Output>
        </UnitTestResult>
        <UnitTestResult executionId="8cc88288-0ee3-4a96-8d4d-51f3a89072cd" parentExecutionId="5e0917c5-89f8-4494-b549-9134e327b6f0" testId="df7e0222-d733-2d06-3b64-bdc6c3c19ed5" testName="TestQuanLyThucAn" computerName="0JC5E4J89IIGSFK" duration="00:00:00.0037879" startTime="2019-04-05T23:18:27.3646953+07:00" endTime="2019-04-05T23:18:27.3686955+07:00" testType="13cdc9d9-ddb5-4fa4-a97d-d965ccfc6d4b" outcome="Failed" testListId="8c84fa94-04c1-424b-9868-57a2d4851a1d" relativeResultsDirectory="5e0917c5-89f8-4494-b549-9134e327b6f0" dataRowInfo="4" resultType="DataDrivenDataRow">
          <Output>
            <ErrorInfo>
              <Message>Test method TestLogin.UnitTest1.TestQuanLyThucAn threw exception: 
System.FormatException: Input string was not in a correct format.</Message>
              <StackTrace>    at System.Number.StringToNumber(String str, NumberStyles options, NumberBuffer&amp; number, NumberFormatInfo info, Boolean parseDecimal)
   at System.Number.ParseInt32(String s, NumberStyles style, NumberFormatInfo info)
   at System.Int32.Parse(String s)
   at TestLogin.UnitTest1.TestQuanLyThucAn() in D:\TestLogin\TestLogin\UnitTest1.cs:line 45
</StackTrace>
            </ErrorInfo>
          </Output>
        </UnitTestResult>
      </InnerResults>
    </UnitTestResult>
  </Results>
</TestRun>